<?xml version="1.0" encoding="UTF-8"?>
<testsuite xmlns:xsi="http://www.w3.org/2001/XMLSchema-instance" xsi:noNamespaceSchemaLocation="https://maven.apache.org/surefire/maven-surefire-plugin/xsd/surefire-test-report-3.0.xsd" version="3.0" name="cucumberOptions.CucumberRunner" time="5.396" tests="5" errors="0" skipped="0" failures="0">
  <properties>
    <property name="java.specification.version" value="17"/>
    <property name="sun.cpu.isalist" value="amd64"/>
    <property name="sun.jnu.encoding" value="Cp1252"/>
    <property name="java.class.path" value="C:\Users\ravikant\OneDrive - AMDOCS\Eclipse Workspace\Ravikanti-Tharun-RestAndSoapUC-2\target\test-classes;C:\Users\ravikant\OneDrive - AMDOCS\Eclipse Workspace\Ravikanti-Tharun-RestAndSoapUC-2\target\classes;C:\Users\ravikant\.m2\repository\io\rest-assured\rest-assured\5.3.1\rest-assured-5.3.1.jar;C:\Users\ravikant\.m2\repository\org\apache\groovy\groovy\4.0.11\groovy-4.0.11.jar;C:\Users\ravikant\.m2\repository\org\apache\groovy\groovy-xml\4.0.11\groovy-xml-4.0.11.jar;C:\Users\ravikant\.m2\repository\org\apache\httpcomponents\httpclient\4.5.13\httpclient-4.5.13.jar;C:\Users\ravikant\.m2\repository\org\apache\httpcomponents\httpcore\4.4.13\httpcore-4.4.13.jar;C:\Users\ravikant\.m2\repository\commons-logging\commons-logging\1.2\commons-logging-1.2.jar;C:\Users\ravikant\.m2\repository\commons-codec\commons-codec\1.11\commons-codec-1.11.jar;C:\Users\ravikant\.m2\repository\org\apache\httpcomponents\httpmime\4.5.13\httpmime-4.5.13.jar;C:\Users\ravikant\.m2\repository\org\hamcrest\hamcrest\2.2\hamcrest-2.2.jar;C:\Users\ravikant\.m2\repository\org\ccil\cowan\tagsoup\tagsoup\1.2.1\tagsoup-1.2.1.jar;C:\Users\ravikant\.m2\repository\io\rest-assured\json-path\5.3.1\json-path-5.3.1.jar;C:\Users\ravikant\.m2\repository\org\apache\groovy\groovy-json\4.0.11\groovy-json-4.0.11.jar;C:\Users\ravikant\.m2\repository\io\rest-assured\rest-assured-common\5.3.1\rest-assured-common-5.3.1.jar;C:\Users\ravikant\.m2\repository\io\rest-assured\xml-path\5.3.1\xml-path-5.3.1.jar;C:\Users\ravikant\.m2\repository\org\apache\commons\commons-lang3\3.11\commons-lang3-3.11.jar;C:\Users\ravikant\.m2\repository\io\cucumber\cucumber-java\7.14.0\cucumber-java-7.14.0.jar;C:\Users\ravikant\.m2\repository\io\cucumber\cucumber-core\7.14.0\cucumber-core-7.14.0.jar;C:\Users\ravikant\.m2\repository\io\cucumber\cucumber-gherkin\7.14.0\cucumber-gherkin-7.14.0.jar;C:\Users\ravikant\.m2\repository\io\cucumber\cucumber-gherkin-messages\7.14.0\cucumber-gherkin-messages-7.14.0.jar;C:\Users\ravikant\.m2\repository\io\cucumber\gherkin\26.2.0\gherkin-26.2.0.jar;C:\Users\ravikant\.m2\repository\io\cucumber\messages\22.0.0\messages-22.0.0.jar;C:\Users\ravikant\.m2\repository\io\cucumber\tag-expressions\5.0.6\tag-expressions-5.0.6.jar;C:\Users\ravikant\.m2\repository\io\cucumber\cucumber-expressions\16.1.2\cucumber-expressions-16.1.2.jar;C:\Users\ravikant\.m2\repository\io\cucumber\datatable\7.14.0\datatable-7.14.0.jar;C:\Users\ravikant\.m2\repository\io\cucumber\cucumber-plugin\7.14.0\cucumber-plugin-7.14.0.jar;C:\Users\ravikant\.m2\repository\io\cucumber\docstring\7.14.0\docstring-7.14.0.jar;C:\Users\ravikant\.m2\repository\io\cucumber\html-formatter\20.4.0\html-formatter-20.4.0.jar;C:\Users\ravikant\.m2\repository\io\cucumber\junit-xml-formatter\0.2.0\junit-xml-formatter-0.2.0.jar;C:\Users\ravikant\.m2\repository\io\cucumber\ci-environment\9.2.0\ci-environment-9.2.0.jar;C:\Users\ravikant\.m2\repository\org\apiguardian\apiguardian-api\1.1.2\apiguardian-api-1.1.2.jar;C:\Users\ravikant\.m2\repository\org\testng\testng\6.14.3\testng-6.14.3.jar;C:\Users\ravikant\.m2\repository\com\beust\jcommander\1.72\jcommander-1.72.jar;C:\Users\ravikant\.m2\repository\org\apache-extras\beanshell\bsh\2.0b6\bsh-2.0b6.jar;C:\Users\ravikant\.m2\repository\io\cucumber\cucumber-testng\7.14.0\cucumber-testng-7.14.0.jar;C:\Users\ravikant\.m2\repository\io\cucumber\cucumber-junit\7.13.0\cucumber-junit-7.13.0.jar;C:\Users\ravikant\.m2\repository\junit\junit\4.13.2\junit-4.13.2.jar;C:\Users\ravikant\.m2\repository\org\hamcrest\hamcrest-core\1.3\hamcrest-core-1.3.jar;"/>
    <property name="java.vm.vendor" value="Eclipse Adoptium"/>
    <property name="sun.arch.data.model" value="64"/>
    <property name="user.variant" value=""/>
    <property name="java.vendor.url" value="https://adoptium.net/"/>
    <property name="user.timezone" value="Asia/Calcutta"/>
    <property name="os.name" value="Windows 10"/>
    <property name="java.vm.specification.version" value="17"/>
    <property name="sun.java.launcher" value="SUN_STANDARD"/>
    <property name="user.country" value="US"/>
    <property name="sun.boot.library.path" value="C:\Users\ravikant\.p2\pool\plugins\org.eclipse.justj.openjdk.hotspot.jre.full.win32.x86_64_17.0.7.v20230425-1502\jre\bin"/>
    <property name="sun.java.command" value="C:\Users\ravikant\AppData\Local\Temp\surefire8856105457113934344\surefirebooter2806394667125907131.jar C:\Users\ravikant\AppData\Local\Temp\surefire8856105457113934344 2023-11-29T14-01-26_928-jvmRun1 surefire14316049023322864022tmp surefire_07093627533787695989tmp"/>
    <property name="jdk.debug" value="release"/>
    <property name="surefire.test.class.path" value="C:\Users\ravikant\OneDrive - AMDOCS\Eclipse Workspace\Ravikanti-Tharun-RestAndSoapUC-2\target\test-classes;C:\Users\ravikant\OneDrive - AMDOCS\Eclipse Workspace\Ravikanti-Tharun-RestAndSoapUC-2\target\classes;C:\Users\ravikant\.m2\repository\io\rest-assured\rest-assured\5.3.1\rest-assured-5.3.1.jar;C:\Users\ravikant\.m2\repository\org\apache\groovy\groovy\4.0.11\groovy-4.0.11.jar;C:\Users\ravikant\.m2\repository\org\apache\groovy\groovy-xml\4.0.11\groovy-xml-4.0.11.jar;C:\Users\ravikant\.m2\repository\org\apache\httpcomponents\httpclient\4.5.13\httpclient-4.5.13.jar;C:\Users\ravikant\.m2\repository\org\apache\httpcomponents\httpcore\4.4.13\httpcore-4.4.13.jar;C:\Users\ravikant\.m2\repository\commons-logging\commons-logging\1.2\commons-logging-1.2.jar;C:\Users\ravikant\.m2\repository\commons-codec\commons-codec\1.11\commons-codec-1.11.jar;C:\Users\ravikant\.m2\repository\org\apache\httpcomponents\httpmime\4.5.13\httpmime-4.5.13.jar;C:\Users\ravikant\.m2\repository\org\hamcrest\hamcrest\2.2\hamcrest-2.2.jar;C:\Users\ravikant\.m2\repository\org\ccil\cowan\tagsoup\tagsoup\1.2.1\tagsoup-1.2.1.jar;C:\Users\ravikant\.m2\repository\io\rest-assured\json-path\5.3.1\json-path-5.3.1.jar;C:\Users\ravikant\.m2\repository\org\apache\groovy\groovy-json\4.0.11\groovy-json-4.0.11.jar;C:\Users\ravikant\.m2\repository\io\rest-assured\rest-assured-common\5.3.1\rest-assured-common-5.3.1.jar;C:\Users\ravikant\.m2\repository\io\rest-assured\xml-path\5.3.1\xml-path-5.3.1.jar;C:\Users\ravikant\.m2\repository\org\apache\commons\commons-lang3\3.11\commons-lang3-3.11.jar;C:\Users\ravikant\.m2\repository\io\cucumber\cucumber-java\7.14.0\cucumber-java-7.14.0.jar;C:\Users\ravikant\.m2\repository\io\cucumber\cucumber-core\7.14.0\cucumber-core-7.14.0.jar;C:\Users\ravikant\.m2\repository\io\cucumber\cucumber-gherkin\7.14.0\cucumber-gherkin-7.14.0.jar;C:\Users\ravikant\.m2\repository\io\cucumber\cucumber-gherkin-messages\7.14.0\cucumber-gherkin-messages-7.14.0.jar;C:\Users\ravikant\.m2\repository\io\cucumber\gherkin\26.2.0\gherkin-26.2.0.jar;C:\Users\ravikant\.m2\repository\io\cucumber\messages\22.0.0\messages-22.0.0.jar;C:\Users\ravikant\.m2\repository\io\cucumber\tag-expressions\5.0.6\tag-expressions-5.0.6.jar;C:\Users\ravikant\.m2\repository\io\cucumber\cucumber-expressions\16.1.2\cucumber-expressions-16.1.2.jar;C:\Users\ravikant\.m2\repository\io\cucumber\datatable\7.14.0\datatable-7.14.0.jar;C:\Users\ravikant\.m2\repository\io\cucumber\cucumber-plugin\7.14.0\cucumber-plugin-7.14.0.jar;C:\Users\ravikant\.m2\repository\io\cucumber\docstring\7.14.0\docstring-7.14.0.jar;C:\Users\ravikant\.m2\repository\io\cucumber\html-formatter\20.4.0\html-formatter-20.4.0.jar;C:\Users\ravikant\.m2\repository\io\cucumber\junit-xml-formatter\0.2.0\junit-xml-formatter-0.2.0.jar;C:\Users\ravikant\.m2\repository\io\cucumber\ci-environment\9.2.0\ci-environment-9.2.0.jar;C:\Users\ravikant\.m2\repository\org\apiguardian\apiguardian-api\1.1.2\apiguardian-api-1.1.2.jar;C:\Users\ravikant\.m2\repository\org\testng\testng\6.14.3\testng-6.14.3.jar;C:\Users\ravikant\.m2\repository\com\beust\jcommander\1.72\jcommander-1.72.jar;C:\Users\ravikant\.m2\repository\org\apache-extras\beanshell\bsh\2.0b6\bsh-2.0b6.jar;C:\Users\ravikant\.m2\repository\io\cucumber\cucumber-testng\7.14.0\cucumber-testng-7.14.0.jar;C:\Users\ravikant\.m2\repository\io\cucumber\cucumber-junit\7.13.0\cucumber-junit-7.13.0.jar;C:\Users\ravikant\.m2\repository\junit\junit\4.13.2\junit-4.13.2.jar;C:\Users\ravikant\.m2\repository\org\hamcrest\hamcrest-core\1.3\hamcrest-core-1.3.jar;"/>
    <property name="sun.cpu.endian" value="little"/>
    <property name="user.home" value="C:\Users\ravikant"/>
    <property name="user.language" value="en"/>
    <property name="java.specification.vendor" value="Oracle Corporation"/>
    <property name="java.version.date" value="2023-04-18"/>
    <property name="java.home" value="C:\Users\ravikant\.p2\pool\plugins\org.eclipse.justj.openjdk.hotspot.jre.full.win32.x86_64_17.0.7.v20230425-1502\jre"/>
    <property name="file.separator" value="\"/>
    <property name="style.color" value="always"/>
    <property name="basedir" value="C:\Users\ravikant\OneDrive - AMDOCS\Eclipse Workspace\Ravikanti-Tharun-RestAndSoapUC-2"/>
    <property name="java.vm.compressedOopsMode" value="Zero based"/>
    <property name="line.separator" value="&#10;"/>
    <property name="java.vm.specification.vendor" value="Oracle Corporation"/>
    <property name="java.specification.name" value="Java Platform API Specification"/>
    <property name="surefire.real.class.path" value="C:\Users\ravikant\AppData\Local\Temp\surefire8856105457113934344\surefirebooter2806394667125907131.jar"/>
    <property name="user.script" value=""/>
    <property name="sun.management.compiler" value="HotSpot 64-Bit Tiered Compilers"/>
    <property name="java.runtime.version" value="17.0.7+7"/>
    <property name="user.name" value="ravikant"/>
    <property name="path.separator" value=";"/>
    <property name="os.version" value="10.0"/>
    <property name="java.runtime.name" value="OpenJDK Runtime Environment"/>
    <property name="file.encoding" value="Cp1252"/>
    <property name="java.vm.name" value="OpenJDK 64-Bit Server VM"/>
    <property name="java.vendor.version" value="Temurin-17.0.7+7"/>
    <property name="localRepository" value="C:\Users\ravikant\.m2\repository"/>
    <property name="cucumber.options" value="--glue com.example.cucumber --plugin json:target/cucumber-report.json"/>
    <property name="java.vendor.url.bug" value="https://github.com/adoptium/adoptium-support/issues"/>
    <property name="java.io.tmpdir" value="C:\Users\ravikant\AppData\Local\Temp\"/>
    <property name="java.version" value="17.0.7"/>
    <property name="user.dir" value="C:\Users\ravikant\OneDrive - AMDOCS\Eclipse Workspace\Ravikanti-Tharun-RestAndSoapUC-2"/>
    <property name="os.arch" value="amd64"/>
    <property name="java.vm.specification.name" value="Java Virtual Machine Specification"/>
    <property name="sun.os.patch.level" value=""/>
    <property name="native.encoding" value="Cp1252"/>
    <property name="java.library.path" value="C:\Users\ravikant\.p2\pool\plugins\org.eclipse.justj.openjdk.hotspot.jre.full.win32.x86_64_17.0.7.v20230425-1502\jre\bin;C:\WINDOWS\Sun\Java\bin;C:\WINDOWS\system32;C:\WINDOWS;C:/Users/ravikant/.p2/pool/plugins/org.eclipse.justj.openjdk.hotspot.jre.full.win32.x86_64_17.0.7.v20230425-1502/jre/bin/server;C:/Users/ravikant/.p2/pool/plugins/org.eclipse.justj.openjdk.hotspot.jre.full.win32.x86_64_17.0.7.v20230425-1502/jre/bin;C:\Program Files\Common Files\Oracle\Java\javapath;C:\Program Files (x86)\Common Files\Oracle\Java\javapath;C:\WINDOWS\system32;C:\WINDOWS;C:\WINDOWS\System32\Wbem;C:\WINDOWS\System32\WindowsPowerShell\v1.0\;C:\WINDOWS\System32\OpenSSH\;C:\Program Files\dotnet\;C:\Program Files\Java\jdk-11\bin\bin;C:\Program Files\Perforce\;C:\Program Files\Git\cmd;C:\apache-maven-3.8.5\bin;C:\Program Files\Java\jdk-11\bin;C:\Users\ravikant\AppData\Local\Microsoft\WindowsApps;C:\Program Files\Java\jdk-11\bin;C:\Users\ravikant\AppData\Local\Programs\Microsoft VS Code\bin;C:\Program Files\Git\cmd;;C:\Users\ravikant\OneDrive - AMDOCS\Desktop;;."/>
    <property name="java.vm.info" value="mixed mode"/>
    <property name="java.vendor" value="Eclipse Adoptium"/>
    <property name="java.vm.version" value="17.0.7+7"/>
    <property name="sun.io.unicode.encoding" value="UnicodeLittle"/>
    <property name="java.class.version" value="61.0"/>
  </properties>
  <testcase name="runScenario[&quot;Verify Status Codes of Rest Assured Requests to Json Place Holder site.&quot;, &quot;JsonPlaceHolder&quot;](1)" classname="cucumberOptions.CucumberRunner" time="1.338">
    <system-out><![CDATA[
Scenario Outline: Verify Status Codes of Rest Assured Requests to Json Place Holder site. # src/test/resources/features/JsonPlaceHolder.feature:10
  Given Json Place Holder site                                                            # stepDefinitions.MainSteps.json_place_holder_site()
  When Rest Assured Request is "Get"                                                      # stepDefinitions.MainSteps.rest_assured_request_is(java.lang.String)
  Then the status code should be 200                                                      # stepDefinitions.MainSteps.the_status_code_should_be(java.lang.Integer)
]]></system-out>
    <system-err><![CDATA[Nov 29, 2023 2:01:28 PM io.cucumber.core.options.CucumberPropertiesParser lambda$warnWhenCucumberOptionsIsUsed$2
WARNING: Passing commandline options via the property 'cucumber.options' is no longer supported. Please use individual properties instead. See the java doc on io.cucumber.core.options.Constants for details.
]]></system-err>
  </testcase>
  <testcase name="runScenario[&quot;Verify Status Codes of Rest Assured Requests to Json Place Holder site.&quot;, &quot;JsonPlaceHolder&quot;](2)" classname="cucumberOptions.CucumberRunner" time="0.763">
    <system-out><![CDATA[
Scenario Outline: Verify Status Codes of Rest Assured Requests to Json Place Holder site. # src/test/resources/features/JsonPlaceHolder.feature:11
  Given Json Place Holder site                                                            # stepDefinitions.MainSteps.json_place_holder_site()
  When Rest Assured Request is "Put"                                                      # stepDefinitions.MainSteps.rest_assured_request_is(java.lang.String)
  Then the status code should be 200                                                      # stepDefinitions.MainSteps.the_status_code_should_be(java.lang.Integer)
]]></system-out>
  </testcase>
  <testcase name="runScenario[&quot;Verify Status Codes of Rest Assured Requests to Json Place Holder site.&quot;, &quot;JsonPlaceHolder&quot;](3)" classname="cucumberOptions.CucumberRunner" time="0.965">
    <system-out><![CDATA[
Scenario Outline: Verify Status Codes of Rest Assured Requests to Json Place Holder site. # src/test/resources/features/JsonPlaceHolder.feature:12
  Given Json Place Holder site                                                            # stepDefinitions.MainSteps.json_place_holder_site()
  When Rest Assured Request is "Post"                                                     # stepDefinitions.MainSteps.rest_assured_request_is(java.lang.String)
  Then the status code should be 201                                                      # stepDefinitions.MainSteps.the_status_code_should_be(java.lang.Integer)
]]></system-out>
  </testcase>
  <testcase name="runScenario[&quot;Verify Status Codes of Rest Assured Requests to Json Place Holder site.&quot;, &quot;JsonPlaceHolder&quot;](4)" classname="cucumberOptions.CucumberRunner" time="0.746">
    <system-out><![CDATA[
Scenario Outline: Verify Status Codes of Rest Assured Requests to Json Place Holder site. # src/test/resources/features/JsonPlaceHolder.feature:13
  Given Json Place Holder site                                                            # stepDefinitions.MainSteps.json_place_holder_site()
  When Rest Assured Request is "Patch"                                                    # stepDefinitions.MainSteps.rest_assured_request_is(java.lang.String)
  Then the status code should be 200                                                      # stepDefinitions.MainSteps.the_status_code_should_be(java.lang.Integer)
]]></system-out>
  </testcase>
  <testcase name="runScenario[&quot;Verify Status Codes of Rest Assured Requests to Json Place Holder site.&quot;, &quot;JsonPlaceHolder&quot;](5)" classname="cucumberOptions.CucumberRunner" time="0.801">
    <system-out><![CDATA[
Scenario Outline: Verify Status Codes of Rest Assured Requests to Json Place Holder site. # src/test/resources/features/JsonPlaceHolder.feature:14
  Given Json Place Holder site                                                            # stepDefinitions.MainSteps.json_place_holder_site()
  When Rest Assured Request is "Delete"                                                   # stepDefinitions.MainSteps.rest_assured_request_is(java.lang.String)
  Then the status code should be 200                                                      # stepDefinitions.MainSteps.the_status_code_should_be(java.lang.Integer)
]]></system-out>
  </testcase>
</testsuite>