<?xml version="1.0" encoding="UTF-8"?>
<!-- Generated by org.testng.reporters.JUnitReportReporter -->
<testsuite hostname="RAVIKANT02" failures="0" tests="1" name="com.masterUsecse.soapUI.AssertionTestng" time="1.205" errors="0" timestamp="2023-11-24T18:49:51 IST" skipped="0">
  <testcase classname="com.masterUsecse.soapUI.AssertionTestng" name="testHttpGet" time="1.205"/>
</testsuite> <!-- com.masterUsecse.soapUI.AssertionTestng -->
