<?xml version="1.0" encoding="UTF-8"?>
<!-- Generated by org.testng.reporters.JUnitReportReporter -->
<testsuite hostname="RAVIKANT02" failures="0" tests="1" name="com.masterUsecse.soapUI.AssertionTestng$HttpPostTest" time="1.217" errors="0" timestamp="2023-11-24T18:49:51 IST" skipped="0">
  <testcase classname="com.masterUsecse.soapUI.AssertionTestng$HttpPostTest" name="testPostRequest" time="1.217"/>
</testsuite> <!-- com.masterUsecse.soapUI.AssertionTestng$HttpPostTest -->
