<?xml version="1.0" encoding="UTF-8"?>
<!-- Generated by org.testng.reporters.JUnitReportReporter -->
<testsuite hostname="RAVIKANT02" failures="0" tests="2" name="com.next.cucumberOptions.TestRunner" time="1.763" errors="0" timestamp="2023-11-24T18:49:50 IST" skipped="0">
  <testcase classname="com.next.cucumberOptions.TestRunner" name="runScenario" time="0.931"/>
  <testcase classname="com.next.cucumberOptions.TestRunner" name="runScenario" time="0.832"/>
</testsuite> <!-- com.next.cucumberOptions.TestRunner -->
