<?xml version="1.0" encoding="UTF-8"?>
<!-- Generated by org.testng.reporters.JUnitReportReporter -->
<testsuite hostname="RAVIKANT02" failures="0" tests="5" name="cucumberOptions.CucumberRunner" time="4.609" errors="0" timestamp="29 Nov 2023 08:31:33 GMT" skipped="0">
  <testcase classname="cucumberOptions.CucumberRunner" name="runScenario" time="0.765"/>
  <testcase classname="cucumberOptions.CucumberRunner" name="runScenario" time="1.335"/>
  <testcase classname="cucumberOptions.CucumberRunner" name="runScenario" time="0.964"/>
  <testcase classname="cucumberOptions.CucumberRunner" name="runScenario" time="0.800"/>
  <testcase classname="cucumberOptions.CucumberRunner" name="runScenario" time="0.745"/>
</testsuite> <!-- cucumberOptions.CucumberRunner -->
